
ROM used:   696/8192 (8%)
            696/8192 (8%) including unused fragments

            0.6 Average locations per line
            4.5 Average locations per statement

RAM used:   16/368 (4%) at main() level
            31/368 (8%) worst case

Stack used: 0 worst case (0 in main + 0 for interrupts)
Stack size: 8

Lines Stmts  %   Files
----- ----- ---  -----
  134    71  46  main.c
   11     0   0  main.h
  661     0   0  ..\..\..\..\..\..\..\..\..\Program Files (x86)\PICC\Devices\16F877A.h
  456    84  54  ..\..\..\..\..\..\..\..\..\Program Files (x86)\PICC\Drivers\lcd.c
----- -----
 1262   155 Total

Page ROM  %  RAM   Vol Diff  Functions:
---- --- --- ---   --- ----  ----------
0     21   3    1             @delay_ms1
0      8   1    0             @const629
 Inline         3   596  5.9  lcd_read_byte
0      6   1    0    59  4.2  lcd_read_nibble
0     12   2    1   179  3.3  lcd_send_nibble
0     64   9    3   460  4.7  lcd_send_byte
0     51   7    2   667  5.9  lcd_init
0     18   3    4   208  6.3  lcd_gotoxy
0     44   6    1   354  4.7  lcd_putc
0    168  24    2  1684  5.3  showInput
0     21   3    3             @DIV88
0     87  12    6             @PRINTF_D_647
0     45   6    1   241  6.0  passwordControl
0      7   1    0             @const687
0     75  11    4             @PSTRINGC7_647
0      8   1    0             @const689
0     57   8    1   295  3.7  MAIN
 Inline         0             @cinit1

Program metrics:
    Functions               10
    Statements              155
    Comments                210
    Volume (V)              7214
    Difficulty (D)          48.3
    Effort to implement (E) 348370
    Time to implement (T)   5 hours, 23 minutes
    Est Delivered Bugs (B)  2
    Cyclomatic Complexity   21
    Maintainability (MI)    128

 Segment     Used  Free
-----------  ----  ----
00000-00003     4  0  
00004-007FF   692  1352  
00800-00FFF     0  2048  
01000-017FF     0  2048  
01800-01FFF     0  2048  



